[4.231s] DEBUG:colcon:Command line arguments: ['/usr/bin/colcon', 'build']
[4.231s] DEBUG:colcon:Parsed command line arguments: Namespace(log_base=None, log_level=None, verb_name='build', build_base='build', install_base='install', merge_install=False, symlink_install=False, test_result_base=None, continue_on_error=False, executor='parallel', parallel_workers=4, event_handlers=None, ignore_user_meta=False, metas=['./colcon.meta'], base_paths=['.'], packages_ignore=None, packages_ignore_regex=None, paths=None, packages_up_to=None, packages_up_to_regex=None, packages_above=None, packages_above_and_dependencies=None, packages_above_depth=None, packages_select_by_dep=None, packages_skip_by_dep=None, packages_skip_up_to=None, packages_select_build_failed=False, packages_skip_build_finished=False, packages_select_test_failures=False, packages_skip_test_passed=False, packages_select=None, packages_skip=None, packages_select_regex=None, packages_skip_regex=None, packages_start=None, packages_end=None, allow_overriding=[], cmake_args=None, cmake_target=None, cmake_target_skip_unavailable=False, cmake_clean_cache=False, cmake_clean_first=False, cmake_force_configure=False, ament_cmake_args=None, catkin_cmake_args=None, catkin_skip_building_tests=False, verb_parser=<colcon_defaults.argument_parser.defaults.DefaultArgumentsDecorator object at 0xffffa6a4f340>, verb_extension=<colcon_core.verb.build.BuildVerb object at 0xffffa6a4db70>, main=<bound method BuildVerb.main of <colcon_core.verb.build.BuildVerb object at 0xffffa6a4db70>>)
[4.440s] Level 1:colcon.colcon_core.package_discovery:discover_packages(colcon_meta) check parameters
[4.441s] Level 1:colcon.colcon_core.package_discovery:discover_packages(recursive) check parameters
[4.441s] Level 1:colcon.colcon_core.package_discovery:discover_packages(ignore) check parameters
[4.441s] Level 1:colcon.colcon_core.package_discovery:discover_packages(path) check parameters
[4.441s] Level 1:colcon.colcon_core.package_discovery:discover_packages(colcon_meta) discover
[4.442s] Level 1:colcon.colcon_core.package_discovery:discover_packages(recursive) discover
[4.442s] INFO:colcon.colcon_core.package_discovery:Crawling recursively for packages in '/home/pi/ros_ws/control'
[4.442s] Level 1:colcon.colcon_core.package_identification:_identify(.) by extensions ['ignore', 'ignore_ament_install']
[4.443s] Level 1:colcon.colcon_core.package_identification:_identify(.) by extension 'ignore'
[4.443s] Level 1:colcon.colcon_core.package_identification:_identify(.) by extension 'ignore_ament_install'
[4.443s] Level 1:colcon.colcon_core.package_identification:_identify(.) by extensions ['colcon_pkg']
[4.444s] Level 1:colcon.colcon_core.package_identification:_identify(.) by extension 'colcon_pkg'
[4.444s] Level 1:colcon.colcon_core.package_identification:_identify(.) by extensions ['colcon_meta']
[4.444s] Level 1:colcon.colcon_core.package_identification:_identify(.) by extension 'colcon_meta'
[4.444s] Level 1:colcon.colcon_core.package_identification:_identify(.) by extensions ['ros']
[4.444s] Level 1:colcon.colcon_core.package_identification:_identify(.) by extension 'ros'
[4.513s] DEBUG:colcon.colcon_core.package_identification:Package '.' with type 'ros.ament_python' and name 'control'
[4.513s] Level 1:colcon.colcon_core.package_discovery:discover_packages(recursive) using defaults
[4.513s] Level 1:colcon.colcon_core.package_discovery:discover_packages(ignore) discover
[4.513s] Level 1:colcon.colcon_core.package_discovery:discover_packages(ignore) using defaults
[4.514s] Level 1:colcon.colcon_core.package_discovery:discover_packages(path) discover
[4.514s] Level 1:colcon.colcon_core.package_discovery:discover_packages(path) using defaults
[4.966s] Level 1:colcon.colcon_core.package_discovery:discover_packages(prefix_path) check parameters
[4.966s] Level 1:colcon.colcon_core.package_discovery:discover_packages(prefix_path) discover
[5.105s] DEBUG:colcon.colcon_installed_package_information.package_discovery:Found 1 installed packages in /home/pi/ros_ws/epos/install
[5.172s] DEBUG:colcon.colcon_installed_package_information.package_discovery:Found 180 installed packages in /opt/ros/humble
[5.177s] Level 1:colcon.colcon_core.package_discovery:discover_packages(prefix_path) using defaults
[5.517s] Level 5:colcon.colcon_core.verb:set package 'control' build argument 'cmake_args' from command line to 'None'
[5.517s] Level 5:colcon.colcon_core.verb:set package 'control' build argument 'cmake_target' from command line to 'None'
[5.517s] Level 5:colcon.colcon_core.verb:set package 'control' build argument 'cmake_target_skip_unavailable' from command line to 'False'
[5.517s] Level 5:colcon.colcon_core.verb:set package 'control' build argument 'cmake_clean_cache' from command line to 'False'
[5.517s] Level 5:colcon.colcon_core.verb:set package 'control' build argument 'cmake_clean_first' from command line to 'False'
[5.518s] Level 5:colcon.colcon_core.verb:set package 'control' build argument 'cmake_force_configure' from command line to 'False'
[5.518s] Level 5:colcon.colcon_core.verb:set package 'control' build argument 'ament_cmake_args' from command line to 'None'
[5.518s] Level 5:colcon.colcon_core.verb:set package 'control' build argument 'catkin_cmake_args' from command line to 'None'
[5.518s] Level 5:colcon.colcon_core.verb:set package 'control' build argument 'catkin_skip_building_tests' from command line to 'False'
[5.518s] DEBUG:colcon.colcon_core.verb:Building package 'control' with the following arguments: {'ament_cmake_args': None, 'build_base': '/home/pi/ros_ws/control/build/control', 'catkin_cmake_args': None, 'catkin_skip_building_tests': False, 'cmake_args': None, 'cmake_clean_cache': False, 'cmake_clean_first': False, 'cmake_force_configure': False, 'cmake_target': None, 'cmake_target_skip_unavailable': False, 'install_base': '/home/pi/ros_ws/control/install/control', 'merge_install': False, 'path': '/home/pi/ros_ws/control', 'symlink_install': False, 'test_result_base': None}
[5.577s] INFO:colcon.colcon_core.executor:Executing jobs using 'parallel' executor
[5.639s] DEBUG:colcon.colcon_parallel_executor.executor.parallel:run_until_complete
[5.640s] INFO:colcon.colcon_ros.task.ament_python.build:Building ROS package in '/home/pi/ros_ws/control' with build type 'ament_python'
[5.641s] Level 1:colcon.colcon_core.shell:create_environment_hook('control', 'ament_prefix_path')
[5.721s] INFO:colcon.colcon_core.plugin_system:Skipping extension 'colcon_core.shell.bat': Not used on non-Windows systems
[5.722s] INFO:colcon.colcon_core.shell:Creating environment hook '/home/pi/ros_ws/control/install/control/share/control/hook/ament_prefix_path.ps1'
[5.727s] INFO:colcon.colcon_core.shell:Creating environment descriptor '/home/pi/ros_ws/control/install/control/share/control/hook/ament_prefix_path.dsv'
[5.730s] INFO:colcon.colcon_core.shell:Creating environment hook '/home/pi/ros_ws/control/install/control/share/control/hook/ament_prefix_path.sh'
[5.797s] INFO:colcon.colcon_core.shell:Skip shell extension 'powershell' for command environment: Not usable outside of PowerShell
[5.798s] DEBUG:colcon.colcon_core.shell:Skip shell extension 'dsv' for command environment
[7.164s] INFO:colcon.colcon_core.task.python.build:Building Python package in '/home/pi/ros_ws/control'
[7.228s] INFO:colcon.colcon_core.shell:Skip shell extension 'powershell' for command environment: Not usable outside of PowerShell
[7.229s] DEBUG:colcon.colcon_core.shell:Skip shell extension 'dsv' for command environment
[9.561s] DEBUG:colcon.colcon_core.event_handler.log_command:Invoking command in '/home/pi/ros_ws/control': PYTHONPATH=/home/pi/ros_ws/control/build/control/prefix_override:/home/pi/ros_ws/control/install/control/lib/python3.10/site-packages:${PYTHONPATH} /usr/bin/python3 setup.py egg_info --egg-base build/control build --build-base /home/pi/ros_ws/control/build/control/build install --record /home/pi/ros_ws/control/build/control/install.log --single-version-externally-managed
[10.903s] DEBUG:colcon.colcon_core.event_handler.log_command:Invoked command in '/home/pi/ros_ws/control' returned '0': PYTHONPATH=/home/pi/ros_ws/control/build/control/prefix_override:/home/pi/ros_ws/control/install/control/lib/python3.10/site-packages:${PYTHONPATH} /usr/bin/python3 setup.py egg_info --egg-base build/control build --build-base /home/pi/ros_ws/control/build/control/build install --record /home/pi/ros_ws/control/build/control/install.log --single-version-externally-managed
[10.992s] Level 1:colcon.colcon_core.environment:checking '/home/pi/ros_ws/control/install/control' for CMake module files
[10.995s] Level 1:colcon.colcon_core.environment:checking '/home/pi/ros_ws/control/install/control' for CMake config files
[11.000s] Level 1:colcon.colcon_core.environment:checking '/home/pi/ros_ws/control/install/control/lib'
[11.001s] Level 1:colcon.colcon_core.environment:checking '/home/pi/ros_ws/control/install/control/bin'
[11.002s] Level 1:colcon.colcon_core.environment:checking '/home/pi/ros_ws/control/install/control/lib/pkgconfig/control.pc'
[11.003s] Level 1:colcon.colcon_core.environment:checking '/home/pi/ros_ws/control/install/control/lib/python3.10/site-packages'
[11.003s] Level 1:colcon.colcon_core.shell:create_environment_hook('control', 'pythonpath')
[11.066s] INFO:colcon.colcon_core.shell:Creating environment hook '/home/pi/ros_ws/control/install/control/share/control/hook/pythonpath.ps1'
[11.068s] INFO:colcon.colcon_core.shell:Creating environment descriptor '/home/pi/ros_ws/control/install/control/share/control/hook/pythonpath.dsv'
[11.070s] INFO:colcon.colcon_core.shell:Creating environment hook '/home/pi/ros_ws/control/install/control/share/control/hook/pythonpath.sh'
[11.073s] Level 1:colcon.colcon_core.environment:checking '/home/pi/ros_ws/control/install/control/bin'
[11.073s] Level 1:colcon.colcon_core.environment:create_environment_scripts_only(control)
[11.133s] INFO:colcon.colcon_core.shell:Creating package script '/home/pi/ros_ws/control/install/control/share/control/package.ps1'
[11.141s] INFO:colcon.colcon_core.shell:Creating package descriptor '/home/pi/ros_ws/control/install/control/share/control/package.dsv'
[11.145s] INFO:colcon.colcon_core.shell:Creating package script '/home/pi/ros_ws/control/install/control/share/control/package.sh'
[11.150s] INFO:colcon.colcon_core.shell:Creating package script '/home/pi/ros_ws/control/install/control/share/control/package.bash'
[11.155s] INFO:colcon.colcon_core.shell:Creating package script '/home/pi/ros_ws/control/install/control/share/control/package.zsh'
[11.159s] Level 1:colcon.colcon_core.environment:create_file_with_runtime_dependencies(/home/pi/ros_ws/control/install/control/share/colcon-core/packages/control)
[11.160s] DEBUG:colcon.colcon_parallel_executor.executor.parallel:closing loop
[11.162s] DEBUG:colcon.colcon_parallel_executor.executor.parallel:loop closed
[11.162s] DEBUG:colcon.colcon_parallel_executor.executor.parallel:run_until_complete finished with '0'
[11.162s] DEBUG:colcon.colcon_core.event_reactor:joining thread
[11.255s] INFO:colcon.colcon_core.plugin_system:Skipping extension 'colcon_notification.desktop_notification.notify_send': Could not find 'notify-send'
[11.256s] INFO:colcon.colcon_core.plugin_system:Skipping extension 'colcon_notification.desktop_notification.terminal_notifier': Not used on non-Darwin systems
[11.256s] INFO:colcon.colcon_core.plugin_system:Skipping extension 'colcon_notification.desktop_notification.win32': Not used on non-Windows systems
[11.256s] INFO:colcon.colcon_notification.desktop_notification:Sending desktop notification using 'notify2'
[11.340s] DEBUG:colcon.colcon_notification.desktop_notification.notify2:Failed to initialize notify2: org.freedesktop.DBus.Error.ServiceUnknown: The name org.freedesktop.Notifications was not provided by any .service files
[11.341s] DEBUG:colcon.colcon_core.event_reactor:joined thread
[11.420s] INFO:colcon.colcon_core.shell:Creating prefix script '/home/pi/ros_ws/control/install/local_setup.ps1'
[11.428s] INFO:colcon.colcon_core.shell:Creating prefix util module '/home/pi/ros_ws/control/install/_local_setup_util_ps1.py'
[11.435s] INFO:colcon.colcon_core.shell:Creating prefix chain script '/home/pi/ros_ws/control/install/setup.ps1'
[11.523s] INFO:colcon.colcon_core.shell:Creating prefix script '/home/pi/ros_ws/control/install/local_setup.sh'
[11.529s] INFO:colcon.colcon_core.shell:Creating prefix util module '/home/pi/ros_ws/control/install/_local_setup_util_sh.py'
[11.533s] INFO:colcon.colcon_core.shell:Creating prefix chain script '/home/pi/ros_ws/control/install/setup.sh'
[11.614s] INFO:colcon.colcon_core.shell:Creating prefix script '/home/pi/ros_ws/control/install/local_setup.bash'
[11.620s] INFO:colcon.colcon_core.shell:Creating prefix chain script '/home/pi/ros_ws/control/install/setup.bash'
[11.701s] INFO:colcon.colcon_core.shell:Creating prefix script '/home/pi/ros_ws/control/install/local_setup.zsh'
[11.707s] INFO:colcon.colcon_core.shell:Creating prefix chain script '/home/pi/ros_ws/control/install/setup.zsh'
