[3.507s] Invoking command in '/home/pi/ros_ws/control/build/control': PYTHONPATH=/home/pi/ros_ws/control/build/control/prefix_override:/home/pi/ros_ws/control/install/control/lib/python3.10/site-packages:${PYTHONPATH} /usr/bin/python3 setup.py develop --editable --build-directory /home/pi/ros_ws/control/build/control/build --no-deps install_data
[4.664s] running develop
[4.671s] /usr/lib/python3/dist-packages/setuptools/command/easy_install.py:158: EasyInstallDeprecationWarning: easy_install command is deprecated. Use build and pip and other standards-based tools.
[4.672s]   warnings.warn(
[4.676s] /usr/lib/python3/dist-packages/setuptools/command/install.py:34: SetuptoolsDeprecationWarning: setup.py install is deprecated. Use build and pip and other standards-based tools.
[4.677s]   warnings.warn(
[5.348s] running egg_info
[5.349s] writing control.egg-info/PKG-INFO
[5.350s] writing dependency_links to control.egg-info/dependency_links.txt
[5.350s] writing entry points to control.egg-info/entry_points.txt
[5.351s] writing requirements to control.egg-info/requires.txt
[5.352s] writing top-level names to control.egg-info/top_level.txt
[5.360s] reading manifest file 'control.egg-info/SOURCES.txt'
[5.364s] writing manifest file 'control.egg-info/SOURCES.txt'
[5.369s] running build_ext
[5.370s] Creating /home/pi/ros_ws/control/install/control/lib/python3.10/site-packages/control.egg-link (link to .)
[5.374s] Installing control script to /home/pi/ros_ws/control/install/control/lib/control
[5.376s] 
[5.376s] Installed /home/pi/ros_ws/control/build/control
[5.377s] running install_data
[5.508s] Invoked command in '/home/pi/ros_ws/control/build/control' returned '0': PYTHONPATH=/home/pi/ros_ws/control/build/control/prefix_override:/home/pi/ros_ws/control/install/control/lib/python3.10/site-packages:${PYTHONPATH} /usr/bin/python3 setup.py develop --editable --build-directory /home/pi/ros_ws/control/build/control/build --no-deps install_data
