running develop
/usr/lib/python3/dist-packages/setuptools/command/easy_install.py:158: EasyInstallDeprecationWarning: easy_install command is deprecated. Use build and pip and other standards-based tools.
  warnings.warn(
/usr/lib/python3/dist-packages/setuptools/command/install.py:34: SetuptoolsDeprecationWarning: setup.py install is deprecated. Use build and pip and other standards-based tools.
  warnings.warn(
Removing /home/pi/ros_ws/control/install/control/lib/python3.10/site-packages/control.egg-link (link to .)
running egg_info
writing build/control/control.egg-info/PKG-INFO
writing dependency_links to build/control/control.egg-info/dependency_links.txt
writing entry points to build/control/control.egg-info/entry_points.txt
writing requirements to build/control/control.egg-info/requires.txt
writing top-level names to build/control/control.egg-info/top_level.txt
reading manifest file 'build/control/control.egg-info/SOURCES.txt'
writing manifest file 'build/control/control.egg-info/SOURCES.txt'
running build
running build_py
copying control/control.py -> /home/pi/ros_ws/control/build/control/build/lib/control
running install
/usr/lib/python3/dist-packages/setuptools/command/install.py:34: SetuptoolsDeprecationWarning: setup.py install is deprecated. Use build and pip and other standards-based tools.
  warnings.warn(
running install_lib
creating /home/pi/ros_ws/control/install/control/lib/python3.10/site-packages/control
copying /home/pi/ros_ws/control/build/control/build/lib/control/control.py -> /home/pi/ros_ws/control/install/control/lib/python3.10/site-packages/control
copying /home/pi/ros_ws/control/build/control/build/lib/control/__init__.py -> /home/pi/ros_ws/control/install/control/lib/python3.10/site-packages/control
byte-compiling /home/pi/ros_ws/control/install/control/lib/python3.10/site-packages/control/control.py to control.cpython-310.pyc
byte-compiling /home/pi/ros_ws/control/install/control/lib/python3.10/site-packages/control/__init__.py to __init__.cpython-310.pyc
running install_data
running install_egg_info
Copying build/control/control.egg-info to /home/pi/ros_ws/control/install/control/lib/python3.10/site-packages/control-0.0.0-py3.10.egg-info
running install_scripts
Installing control script to /home/pi/ros_ws/control/install/control/lib/control
writing list of installed files to '/home/pi/ros_ws/control/build/control/install.log'
