[3.528s] Invoking command in '/home/pi/ros_ws/control/build/control': PYTHONPATH=/home/pi/ros_ws/control/build/control/prefix_override:/home/pi/ros_ws/control/install/control/lib/python3.10/site-packages:${PYTHONPATH} /usr/bin/python3 setup.py develop --uninstall --editable --build-directory /home/pi/ros_ws/control/build/control/build
[4.677s] running develop
[4.678s] /usr/lib/python3/dist-packages/setuptools/command/easy_install.py:158: EasyInstallDeprecationWarning: easy_install command is deprecated. Use build and pip and other standards-based tools.
[4.679s]   warnings.warn(
[4.683s] /usr/lib/python3/dist-packages/setuptools/command/install.py:34: SetuptoolsDeprecationWarning: setup.py install is deprecated. Use build and pip and other standards-based tools.
[4.684s]   warnings.warn(
[5.363s] Removing /home/pi/ros_ws/control/install/control/lib/python3.10/site-packages/control.egg-link (link to .)
[5.490s] Invoked command in '/home/pi/ros_ws/control/build/control' returned '0': PYTHONPATH=/home/pi/ros_ws/control/build/control/prefix_override:/home/pi/ros_ws/control/install/control/lib/python3.10/site-packages:${PYTHONPATH} /usr/bin/python3 setup.py develop --uninstall --editable --build-directory /home/pi/ros_ws/control/build/control/build
[5.501s] Invoking command in '/home/pi/ros_ws/control': PYTHONPATH=/home/pi/ros_ws/control/build/control/prefix_override:/home/pi/ros_ws/control/install/control/lib/python3.10/site-packages:${PYTHONPATH} /usr/bin/python3 setup.py egg_info --egg-base build/control build --build-base /home/pi/ros_ws/control/build/control/build install --record /home/pi/ros_ws/control/build/control/install.log --single-version-externally-managed
[6.599s] running egg_info
[6.602s] writing build/control/control.egg-info/PKG-INFO
[6.603s] writing dependency_links to build/control/control.egg-info/dependency_links.txt
[6.604s] writing entry points to build/control/control.egg-info/entry_points.txt
[6.605s] writing requirements to build/control/control.egg-info/requires.txt
[6.605s] writing top-level names to build/control/control.egg-info/top_level.txt
[6.614s] reading manifest file 'build/control/control.egg-info/SOURCES.txt'
[6.617s] writing manifest file 'build/control/control.egg-info/SOURCES.txt'
[6.618s] running build
[6.619s] running build_py
[6.619s] copying control/control.py -> /home/pi/ros_ws/control/build/control/build/lib/control
[6.622s] running install
[6.622s] /usr/lib/python3/dist-packages/setuptools/command/install.py:34: SetuptoolsDeprecationWarning: setup.py install is deprecated. Use build and pip and other standards-based tools.
[6.623s]   warnings.warn(
[6.624s] running install_lib
[6.627s] creating /home/pi/ros_ws/control/install/control/lib/python3.10/site-packages/control
[6.627s] copying /home/pi/ros_ws/control/build/control/build/lib/control/control.py -> /home/pi/ros_ws/control/install/control/lib/python3.10/site-packages/control
[6.628s] copying /home/pi/ros_ws/control/build/control/build/lib/control/__init__.py -> /home/pi/ros_ws/control/install/control/lib/python3.10/site-packages/control
[6.631s] byte-compiling /home/pi/ros_ws/control/install/control/lib/python3.10/site-packages/control/control.py to control.cpython-310.pyc
[6.634s] byte-compiling /home/pi/ros_ws/control/install/control/lib/python3.10/site-packages/control/__init__.py to __init__.cpython-310.pyc
[6.635s] running install_data
[6.638s] running install_egg_info
[6.645s] Copying build/control/control.egg-info to /home/pi/ros_ws/control/install/control/lib/python3.10/site-packages/control-0.0.0-py3.10.egg-info
[6.652s] running install_scripts
[6.737s] Installing control script to /home/pi/ros_ws/control/install/control/lib/control
[6.739s] writing list of installed files to '/home/pi/ros_ws/control/build/control/install.log'
[6.864s] Invoked command in '/home/pi/ros_ws/control' returned '0': PYTHONPATH=/home/pi/ros_ws/control/build/control/prefix_override:/home/pi/ros_ws/control/install/control/lib/python3.10/site-packages:${PYTHONPATH} /usr/bin/python3 setup.py egg_info --egg-base build/control build --build-base /home/pi/ros_ws/control/build/control/build install --record /home/pi/ros_ws/control/build/control/install.log --single-version-externally-managed
