[4.160s] DEBUG:colcon:Command line arguments: ['/usr/bin/colcon', 'build']
[4.161s] DEBUG:colcon:Parsed command line arguments: Namespace(log_base=None, log_level=None, verb_name='build', build_base='build', install_base='install', merge_install=False, symlink_install=False, test_result_base=None, continue_on_error=False, executor='parallel', parallel_workers=4, event_handlers=None, ignore_user_meta=False, metas=['./colcon.meta'], base_paths=['.'], packages_ignore=None, packages_ignore_regex=None, paths=None, packages_up_to=None, packages_up_to_regex=None, packages_above=None, packages_above_and_dependencies=None, packages_above_depth=None, packages_select_by_dep=None, packages_skip_by_dep=None, packages_skip_up_to=None, packages_select_build_failed=False, packages_skip_build_finished=False, packages_select_test_failures=False, packages_skip_test_passed=False, packages_select=None, packages_skip=None, packages_select_regex=None, packages_skip_regex=None, packages_start=None, packages_end=None, allow_overriding=[], cmake_args=None, cmake_target=None, cmake_target_skip_unavailable=False, cmake_clean_cache=False, cmake_clean_first=False, cmake_force_configure=False, ament_cmake_args=None, catkin_cmake_args=None, catkin_skip_building_tests=False, verb_parser=<colcon_defaults.argument_parser.defaults.DefaultArgumentsDecorator object at 0xffffb8862410>, verb_extension=<colcon_core.verb.build.BuildVerb object at 0xffffb8862500>, main=<bound method BuildVerb.main of <colcon_core.verb.build.BuildVerb object at 0xffffb8862500>>)
[4.365s] Level 1:colcon.colcon_core.package_discovery:discover_packages(colcon_meta) check parameters
[4.366s] Level 1:colcon.colcon_core.package_discovery:discover_packages(recursive) check parameters
[4.366s] Level 1:colcon.colcon_core.package_discovery:discover_packages(ignore) check parameters
[4.366s] Level 1:colcon.colcon_core.package_discovery:discover_packages(path) check parameters
[4.366s] Level 1:colcon.colcon_core.package_discovery:discover_packages(colcon_meta) discover
[4.367s] Level 1:colcon.colcon_core.package_discovery:discover_packages(recursive) discover
[4.367s] INFO:colcon.colcon_core.package_discovery:Crawling recursively for packages in '/home/pi/ros_ws/control'
[4.367s] Level 1:colcon.colcon_core.package_identification:_identify(.) by extensions ['ignore', 'ignore_ament_install']
[4.368s] Level 1:colcon.colcon_core.package_identification:_identify(.) by extension 'ignore'
[4.368s] Level 1:colcon.colcon_core.package_identification:_identify(.) by extension 'ignore_ament_install'
[4.369s] Level 1:colcon.colcon_core.package_identification:_identify(.) by extensions ['colcon_pkg']
[4.369s] Level 1:colcon.colcon_core.package_identification:_identify(.) by extension 'colcon_pkg'
[4.369s] Level 1:colcon.colcon_core.package_identification:_identify(.) by extensions ['colcon_meta']
[4.369s] Level 1:colcon.colcon_core.package_identification:_identify(.) by extension 'colcon_meta'
[4.369s] Level 1:colcon.colcon_core.package_identification:_identify(.) by extensions ['ros']
[4.369s] Level 1:colcon.colcon_core.package_identification:_identify(.) by extension 'ros'
[4.431s] DEBUG:colcon.colcon_core.package_identification:Package '.' with type 'ros.ament_python' and name 'control'
[4.431s] Level 1:colcon.colcon_core.package_discovery:discover_packages(recursive) using defaults
[4.431s] Level 1:colcon.colcon_core.package_discovery:discover_packages(ignore) discover
[4.431s] Level 1:colcon.colcon_core.package_discovery:discover_packages(ignore) using defaults
[4.432s] Level 1:colcon.colcon_core.package_discovery:discover_packages(path) discover
[4.432s] Level 1:colcon.colcon_core.package_discovery:discover_packages(path) using defaults
[4.818s] Level 1:colcon.colcon_core.package_discovery:discover_packages(prefix_path) check parameters
[4.818s] Level 1:colcon.colcon_core.package_discovery:discover_packages(prefix_path) discover
[4.940s] DEBUG:colcon.colcon_installed_package_information.package_discovery:Found 1 installed packages in /home/pi/ros_ws/control/install
[5.002s] DEBUG:colcon.colcon_installed_package_information.package_discovery:Found 1 installed packages in /home/pi/ros_ws/epos/install
[5.066s] DEBUG:colcon.colcon_installed_package_information.package_discovery:Found 180 installed packages in /opt/ros/humble
[5.071s] Level 1:colcon.colcon_core.package_discovery:discover_packages(prefix_path) using defaults
[5.388s] Level 5:colcon.colcon_core.verb:set package 'control' build argument 'cmake_args' from command line to 'None'
[5.389s] Level 5:colcon.colcon_core.verb:set package 'control' build argument 'cmake_target' from command line to 'None'
[5.389s] Level 5:colcon.colcon_core.verb:set package 'control' build argument 'cmake_target_skip_unavailable' from command line to 'False'
[5.389s] Level 5:colcon.colcon_core.verb:set package 'control' build argument 'cmake_clean_cache' from command line to 'False'
[5.389s] Level 5:colcon.colcon_core.verb:set package 'control' build argument 'cmake_clean_first' from command line to 'False'
[5.389s] Level 5:colcon.colcon_core.verb:set package 'control' build argument 'cmake_force_configure' from command line to 'False'
[5.389s] Level 5:colcon.colcon_core.verb:set package 'control' build argument 'ament_cmake_args' from command line to 'None'
[5.389s] Level 5:colcon.colcon_core.verb:set package 'control' build argument 'catkin_cmake_args' from command line to 'None'
[5.390s] Level 5:colcon.colcon_core.verb:set package 'control' build argument 'catkin_skip_building_tests' from command line to 'False'
[5.390s] DEBUG:colcon.colcon_core.verb:Building package 'control' with the following arguments: {'ament_cmake_args': None, 'build_base': '/home/pi/ros_ws/control/build/control', 'catkin_cmake_args': None, 'catkin_skip_building_tests': False, 'cmake_args': None, 'cmake_clean_cache': False, 'cmake_clean_first': False, 'cmake_force_configure': False, 'cmake_target': None, 'cmake_target_skip_unavailable': False, 'install_base': '/home/pi/ros_ws/control/install/control', 'merge_install': False, 'path': '/home/pi/ros_ws/control', 'symlink_install': False, 'test_result_base': None}
[5.447s] INFO:colcon.colcon_core.executor:Executing jobs using 'parallel' executor
[5.510s] DEBUG:colcon.colcon_parallel_executor.executor.parallel:run_until_complete
[5.511s] INFO:colcon.colcon_ros.task.ament_python.build:Building ROS package in '/home/pi/ros_ws/control' with build type 'ament_python'
[5.511s] Level 1:colcon.colcon_core.shell:create_environment_hook('control', 'ament_prefix_path')
[5.581s] INFO:colcon.colcon_core.plugin_system:Skipping extension 'colcon_core.shell.bat': Not used on non-Windows systems
[5.582s] INFO:colcon.colcon_core.shell:Creating environment hook '/home/pi/ros_ws/control/install/control/share/control/hook/ament_prefix_path.ps1'
[5.585s] INFO:colcon.colcon_core.shell:Creating environment descriptor '/home/pi/ros_ws/control/install/control/share/control/hook/ament_prefix_path.dsv'
[5.587s] INFO:colcon.colcon_core.shell:Creating environment hook '/home/pi/ros_ws/control/install/control/share/control/hook/ament_prefix_path.sh'
[5.652s] INFO:colcon.colcon_core.shell:Skip shell extension 'powershell' for command environment: Not usable outside of PowerShell
[5.652s] DEBUG:colcon.colcon_core.shell:Skip shell extension 'dsv' for command environment
[7.127s] INFO:colcon.colcon_core.task.python.build:Building Python package in '/home/pi/ros_ws/control'
[7.188s] INFO:colcon.colcon_core.shell:Skip shell extension 'powershell' for command environment: Not usable outside of PowerShell
[7.189s] DEBUG:colcon.colcon_core.shell:Skip shell extension 'dsv' for command environment
[9.041s] DEBUG:colcon.colcon_core.event_handler.log_command:Invoking command in '/home/pi/ros_ws/control/build/control': PYTHONPATH=/home/pi/ros_ws/control/build/control/prefix_override:/home/pi/ros_ws/control/install/control/lib/python3.10/site-packages:${PYTHONPATH} /usr/bin/python3 setup.py develop --uninstall --editable --build-directory /home/pi/ros_ws/control/build/control/build
[11.003s] DEBUG:colcon.colcon_core.event_handler.log_command:Invoked command in '/home/pi/ros_ws/control/build/control' returned '0': PYTHONPATH=/home/pi/ros_ws/control/build/control/prefix_override:/home/pi/ros_ws/control/install/control/lib/python3.10/site-packages:${PYTHONPATH} /usr/bin/python3 setup.py develop --uninstall --editable --build-directory /home/pi/ros_ws/control/build/control/build
[11.014s] DEBUG:colcon.colcon_core.event_handler.log_command:Invoking command in '/home/pi/ros_ws/control': PYTHONPATH=/home/pi/ros_ws/control/build/control/prefix_override:/home/pi/ros_ws/control/install/control/lib/python3.10/site-packages:${PYTHONPATH} /usr/bin/python3 setup.py egg_info --egg-base build/control build --build-base /home/pi/ros_ws/control/build/control/build install --record /home/pi/ros_ws/control/build/control/install.log --single-version-externally-managed
[12.376s] DEBUG:colcon.colcon_core.event_handler.log_command:Invoked command in '/home/pi/ros_ws/control' returned '0': PYTHONPATH=/home/pi/ros_ws/control/build/control/prefix_override:/home/pi/ros_ws/control/install/control/lib/python3.10/site-packages:${PYTHONPATH} /usr/bin/python3 setup.py egg_info --egg-base build/control build --build-base /home/pi/ros_ws/control/build/control/build install --record /home/pi/ros_ws/control/build/control/install.log --single-version-externally-managed
[12.454s] Level 1:colcon.colcon_core.environment:checking '/home/pi/ros_ws/control/install/control' for CMake module files
[12.456s] Level 1:colcon.colcon_core.environment:checking '/home/pi/ros_ws/control/install/control' for CMake config files
[12.461s] Level 1:colcon.colcon_core.environment:checking '/home/pi/ros_ws/control/install/control/lib'
[12.462s] Level 1:colcon.colcon_core.environment:checking '/home/pi/ros_ws/control/install/control/bin'
[12.463s] Level 1:colcon.colcon_core.environment:checking '/home/pi/ros_ws/control/install/control/lib/pkgconfig/control.pc'
[12.464s] Level 1:colcon.colcon_core.environment:checking '/home/pi/ros_ws/control/install/control/lib/python3.10/site-packages'
[12.464s] Level 1:colcon.colcon_core.shell:create_environment_hook('control', 'pythonpath')
[12.530s] INFO:colcon.colcon_core.shell:Creating environment hook '/home/pi/ros_ws/control/install/control/share/control/hook/pythonpath.ps1'
[12.532s] INFO:colcon.colcon_core.shell:Creating environment descriptor '/home/pi/ros_ws/control/install/control/share/control/hook/pythonpath.dsv'
[12.534s] INFO:colcon.colcon_core.shell:Creating environment hook '/home/pi/ros_ws/control/install/control/share/control/hook/pythonpath.sh'
[12.537s] Level 1:colcon.colcon_core.environment:checking '/home/pi/ros_ws/control/install/control/bin'
[12.537s] Level 1:colcon.colcon_core.environment:create_environment_scripts_only(control)
[12.598s] INFO:colcon.colcon_core.shell:Creating package script '/home/pi/ros_ws/control/install/control/share/control/package.ps1'
[12.603s] INFO:colcon.colcon_core.shell:Creating package descriptor '/home/pi/ros_ws/control/install/control/share/control/package.dsv'
[12.605s] INFO:colcon.colcon_core.shell:Creating package script '/home/pi/ros_ws/control/install/control/share/control/package.sh'
[12.609s] INFO:colcon.colcon_core.shell:Creating package script '/home/pi/ros_ws/control/install/control/share/control/package.bash'
[12.613s] INFO:colcon.colcon_core.shell:Creating package script '/home/pi/ros_ws/control/install/control/share/control/package.zsh'
[12.616s] Level 1:colcon.colcon_core.environment:create_file_with_runtime_dependencies(/home/pi/ros_ws/control/install/control/share/colcon-core/packages/control)
[12.618s] DEBUG:colcon.colcon_parallel_executor.executor.parallel:closing loop
[12.619s] DEBUG:colcon.colcon_parallel_executor.executor.parallel:loop closed
[12.619s] DEBUG:colcon.colcon_parallel_executor.executor.parallel:run_until_complete finished with '0'
[12.620s] DEBUG:colcon.colcon_core.event_reactor:joining thread
[12.703s] INFO:colcon.colcon_core.plugin_system:Skipping extension 'colcon_notification.desktop_notification.notify_send': Could not find 'notify-send'
[12.704s] INFO:colcon.colcon_core.plugin_system:Skipping extension 'colcon_notification.desktop_notification.terminal_notifier': Not used on non-Darwin systems
[12.704s] INFO:colcon.colcon_core.plugin_system:Skipping extension 'colcon_notification.desktop_notification.win32': Not used on non-Windows systems
[12.704s] INFO:colcon.colcon_notification.desktop_notification:Sending desktop notification using 'notify2'
[12.707s] DEBUG:colcon.colcon_notification.desktop_notification.notify2:Failed to initialize notify2: org.freedesktop.DBus.Error.ServiceUnknown: The name org.freedesktop.Notifications was not provided by any .service files
[12.708s] DEBUG:colcon.colcon_core.event_reactor:joined thread
[12.772s] INFO:colcon.colcon_core.shell:Creating prefix script '/home/pi/ros_ws/control/install/local_setup.ps1'
[12.776s] INFO:colcon.colcon_core.shell:Creating prefix util module '/home/pi/ros_ws/control/install/_local_setup_util_ps1.py'
[12.782s] INFO:colcon.colcon_core.shell:Creating prefix chain script '/home/pi/ros_ws/control/install/setup.ps1'
[12.847s] INFO:colcon.colcon_core.shell:Creating prefix script '/home/pi/ros_ws/control/install/local_setup.sh'
[12.850s] INFO:colcon.colcon_core.shell:Creating prefix util module '/home/pi/ros_ws/control/install/_local_setup_util_sh.py'
[12.852s] INFO:colcon.colcon_core.shell:Creating prefix chain script '/home/pi/ros_ws/control/install/setup.sh'
[12.916s] INFO:colcon.colcon_core.shell:Creating prefix script '/home/pi/ros_ws/control/install/local_setup.bash'
[12.918s] INFO:colcon.colcon_core.shell:Creating prefix chain script '/home/pi/ros_ws/control/install/setup.bash'
[12.982s] INFO:colcon.colcon_core.shell:Creating prefix script '/home/pi/ros_ws/control/install/local_setup.zsh'
[12.984s] INFO:colcon.colcon_core.shell:Creating prefix chain script '/home/pi/ros_ws/control/install/setup.zsh'
