[3.492s] Invoking command in '/home/pi/ros_ws/control': PYTHONPATH=/home/pi/ros_ws/control/build/control/prefix_override:/home/pi/ros_ws/control/install/control/lib/python3.10/site-packages:${PYTHONPATH} /usr/bin/python3 setup.py egg_info --egg-base build/control build --build-base /home/pi/ros_ws/control/build/control/build install --record /home/pi/ros_ws/control/build/control/install.log --single-version-externally-managed
[4.611s] running egg_info
[4.614s] writing build/control/control.egg-info/PKG-INFO
[4.615s] writing dependency_links to build/control/control.egg-info/dependency_links.txt
[4.616s] writing entry points to build/control/control.egg-info/entry_points.txt
[4.616s] writing requirements to build/control/control.egg-info/requires.txt
[4.617s] writing top-level names to build/control/control.egg-info/top_level.txt
[4.625s] reading manifest file 'build/control/control.egg-info/SOURCES.txt'
[4.629s] writing manifest file 'build/control/control.egg-info/SOURCES.txt'
[4.630s] running build
[4.630s] running build_py
[4.631s] copying control/control.py -> /home/pi/ros_ws/control/build/control/build/lib/control
[4.633s] running install
[4.634s] /usr/lib/python3/dist-packages/setuptools/command/install.py:34: SetuptoolsDeprecationWarning: setup.py install is deprecated. Use build and pip and other standards-based tools.
[4.634s]   warnings.warn(
[4.635s] running install_lib
[4.638s] copying /home/pi/ros_ws/control/build/control/build/lib/control/control.py -> /home/pi/ros_ws/control/install/control/lib/python3.10/site-packages/control
[4.641s] byte-compiling /home/pi/ros_ws/control/install/control/lib/python3.10/site-packages/control/control.py to control.cpython-310.pyc
[4.645s] running install_data
[4.647s] running install_egg_info
[4.654s] removing '/home/pi/ros_ws/control/install/control/lib/python3.10/site-packages/control-0.0.0-py3.10.egg-info' (and everything under it)
[4.656s] Copying build/control/control.egg-info to /home/pi/ros_ws/control/install/control/lib/python3.10/site-packages/control-0.0.0-py3.10.egg-info
[4.663s] running install_scripts
[4.748s] Installing control script to /home/pi/ros_ws/control/install/control/lib/control
[4.750s] writing list of installed files to '/home/pi/ros_ws/control/build/control/install.log'
[4.869s] Invoked command in '/home/pi/ros_ws/control' returned '0': PYTHONPATH=/home/pi/ros_ws/control/build/control/prefix_override:/home/pi/ros_ws/control/install/control/lib/python3.10/site-packages:${PYTHONPATH} /usr/bin/python3 setup.py egg_info --egg-base build/control build --build-base /home/pi/ros_ws/control/build/control/build install --record /home/pi/ros_ws/control/build/control/install.log --single-version-externally-managed
